<?xml version="1.0" encoding="UTF-8"?>
<testsuite name="UnionTest" tests="1" skipped="0" failures="0" errors="0" timestamp="2020-02-08T01:16:16" hostname="jonas" time="0.007">
  <properties/>
  <testcase name="shouldConnect" classname="UnionTest" time="0.007"/>
  <system-out><![CDATA[setting 1 to 2
2
setting 3 to 1
1
2
setting 1 to 4
4
setting 9 to 8
setting 8 to 7
setting 7 to 6
setting 6 to 5
setting 5 to 4
setting 4 to 3
setting 3 to 2
setting 2 to 1
setting 1 to 0
8
7
6
5
4
3
2
1
0
]]></system-out>
  <system-err><![CDATA[]]></system-err>
</testsuite>
